Arguments: 
  C:\Program Files\nodejs\node.exe C:\Users\kevin\AppData\Roaming\npm\node_modules\yarn\bin\yarn.js

PATH: 
  C:\Program Files\Common Files\Oracle\Java\javapath;C:\Python310\Scripts\;C:\Python310\;C:\Windows\system32;C:\Windows;C:\Windows\System32\Wbem;C:\Windows\System32\WindowsPowerShell\v1.0\;C:\Windows\System32\OpenSSH\;C:\Program Files\Git\cmd;C:\Program Files\nodejs\;C:\ProgramData\chocolatey\bin;C:\Program Files\Microsoft SQL Server\150\Tools\Binn\;C:\Program Files\Microsoft SQL Server\Client SDK\ODBC\170\Tools\Binn\;C:\Program Files\dotnet\;C:\Program Files (x86)\dotnet\;C:\src\flutter\bin;C:\Program Files (x86)\Microsoft SQL Server\150\Tools\Binn\;C:\Program Files\Microsoft SQL Server\150\DTS\Binn\;C:\Program Files (x86)\Microsoft SQL Server\150\DTS\Binn\;C:\Program Files\Azure Data Studio\bin;C:\Users\kevin\AppData\Local\Microsoft\WindowsApps;C:\Users\kevin\AppData\Local\Programs\Microsoft VS Code\bin;C:\Users\kevin\AppData\Local\GitHubDesktop\bin;C:\Users\kevin\AppData\Roaming\npm;C:\Users\kevin\.dotnet\tools;C:\Program Files\Azure Data Studio\bin

Yarn version: 
  1.22.19

Node version: 
  14.16.0

Platform: 
  win32 x64

Trace: 
  Error: https://kavak.jfrog.io/artifactory/api/npm/npm/bootstrap/-/bootstrap-4.6.2.tgz: Request failed "401 Unauthorized"
      at ResponseError.ExtendableBuiltin (C:\Users\kevin\AppData\Roaming\npm\node_modules\yarn\lib\cli.js:696:66)
      at new ResponseError (C:\Users\kevin\AppData\Roaming\npm\node_modules\yarn\lib\cli.js:802:124)
      at Request.<anonymous> (C:\Users\kevin\AppData\Roaming\npm\node_modules\yarn\lib\cli.js:66215:16)
      at Request.emit (events.js:315:20)
      at Request.module.exports.Request.onRequestResponse (C:\Users\kevin\AppData\Roaming\npm\node_modules\yarn\lib\cli.js:141767:10)
      at ClientRequest.emit (events.js:315:20)
      at HTTPParser.parserOnIncomingClient (_http_client.js:641:27)
      at HTTPParser.parserOnHeadersComplete (_http_common.js:126:17)
      at TLSSocket.socketOnData (_http_client.js:509:22)
      at TLSSocket.emit (events.js:315:20)

npm manifest: 
  {
    "name": "vite-project",
    "private": true,
    "version": "0.0.0",
    "type": "module",
    "scripts": {
      "dev": "vite",
      "build": "vite build",
      "preview": "vite preview",
      "ls": "cd src && ls"
    },
    "dependencies": {
      "bootstrap": "4.6",
      "react": "^18.2.0",
      "react-dom": "^18.2.0",
      "react-router": "^6.4.3",
      "react-router-dom": "^6.4.3",
      "reactstrap": "^9.1.5"
    },
    "devDependencies": {
      "@types/react": "^18.0.17",
      "@types/react-dom": "^18.0.6",
      "@vitejs/plugin-react": "^2.0.1",
      "sass": "^1.56.1",
      "vite": "^3.0.7"
    }
  }

yarn manifest: 
  No manifest

Lockfile: 
  # THIS IS AN AUTOGENERATED FILE. DO NOT EDIT THIS FILE DIRECTLY.
  # yarn lockfile v1
  
  
  "@ampproject/remapping@^2.1.0":
    version "2.2.0"
    resolved "https://kavak.jfrog.io/artifactory/api/npm/npm/@ampproject/remapping/-/remapping-2.2.0.tgz#56c133824780de3174aed5ab6834f3026790154d"
    dependencies:
      "@jridgewell/gen-mapping" "^0.1.0"
      "@jridgewell/trace-mapping" "^0.3.9"
  
  "@babel/code-frame@^7.18.6":
    version "7.18.6"
    resolved "https://kavak.jfrog.io/artifactory/api/npm/npm/@babel/code-frame/-/code-frame-7.18.6.tgz#3b25d38c89600baa2dcc219edfa88a74eb2c427a"
    dependencies:
      "@babel/highlight" "^7.18.6"
  
  "@babel/compat-data@^7.20.0":
    version "7.20.1"
    resolved "https://kavak.jfrog.io/artifactory/api/npm/npm/@babel/compat-data/-/compat-data-7.20.1.tgz#f2e6ef7790d8c8dbf03d379502dcc246dcce0b30"
  
  "@babel/core@^7.19.6":
    version "7.20.2"
    resolved "https://kavak.jfrog.io/artifactory/api/npm/npm/@babel/core/-/core-7.20.2.tgz#8dc9b1620a673f92d3624bd926dc49a52cf25b92"
    dependencies:
      "@ampproject/remapping" "^2.1.0"
      "@babel/code-frame" "^7.18.6"
      "@babel/generator" "^7.20.2"
      "@babel/helper-compilation-targets" "^7.20.0"
      "@babel/helper-module-transforms" "^7.20.2"
      "@babel/helpers" "^7.20.1"
      "@babel/parser" "^7.20.2"
      "@babel/template" "^7.18.10"
      "@babel/traverse" "^7.20.1"
      "@babel/types" "^7.20.2"
      convert-source-map "^1.7.0"
      debug "^4.1.0"
      gensync "^1.0.0-beta.2"
      json5 "^2.2.1"
      semver "^6.3.0"
  
  "@babel/generator@^7.20.1", "@babel/generator@^7.20.2":
    version "7.20.4"
    resolved "https://kavak.jfrog.io/artifactory/api/npm/npm/@babel/generator/-/generator-7.20.4.tgz#4d9f8f0c30be75fd90a0562099a26e5839602ab8"
    dependencies:
      "@babel/types" "^7.20.2"
      "@jridgewell/gen-mapping" "^0.3.2"
      jsesc "^2.5.1"
  
  "@babel/helper-annotate-as-pure@^7.18.6":
    version "7.18.6"
    resolved "https://kavak.jfrog.io/artifactory/api/npm/npm/@babel/helper-annotate-as-pure/-/helper-annotate-as-pure-7.18.6.tgz#eaa49f6f80d5a33f9a5dd2276e6d6e451be0a6bb"
    dependencies:
      "@babel/types" "^7.18.6"
  
  "@babel/helper-compilation-targets@^7.20.0":
    version "7.20.0"
    resolved "https://kavak.jfrog.io/artifactory/api/npm/npm/@babel/helper-compilation-targets/-/helper-compilation-targets-7.20.0.tgz#6bf5374d424e1b3922822f1d9bdaa43b1a139d0a"
    dependencies:
      "@babel/compat-data" "^7.20.0"
      "@babel/helper-validator-option" "^7.18.6"
      browserslist "^4.21.3"
      semver "^6.3.0"
  
  "@babel/helper-environment-visitor@^7.18.9":
    version "7.18.9"
    resolved "https://kavak.jfrog.io/artifactory/api/npm/npm/@babel/helper-environment-visitor/-/helper-environment-visitor-7.18.9.tgz#0c0cee9b35d2ca190478756865bb3528422f51be"
  
  "@babel/helper-function-name@^7.19.0":
    version "7.19.0"
    resolved "https://kavak.jfrog.io/artifactory/api/npm/npm/@babel/helper-function-name/-/helper-function-name-7.19.0.tgz#941574ed5390682e872e52d3f38ce9d1bef4648c"
    dependencies:
      "@babel/template" "^7.18.10"
      "@babel/types" "^7.19.0"
  
  "@babel/helper-hoist-variables@^7.18.6":
    version "7.18.6"
    resolved "https://kavak.jfrog.io/artifactory/api/npm/npm/@babel/helper-hoist-variables/-/helper-hoist-variables-7.18.6.tgz#d4d2c8fb4baeaa5c68b99cc8245c56554f926678"
    dependencies:
      "@babel/types" "^7.18.6"
  
  "@babel/helper-module-imports@^7.18.6":
    version "7.18.6"
    resolved "https://kavak.jfrog.io/artifactory/api/npm/npm/@babel/helper-module-imports/-/helper-module-imports-7.18.6.tgz#1e3ebdbbd08aad1437b428c50204db13c5a3ca6e"
    dependencies:
      "@babel/types" "^7.18.6"
  
  "@babel/helper-module-transforms@^7.20.2":
    version "7.20.2"
    resolved "https://kavak.jfrog.io/artifactory/api/npm/npm/@babel/helper-module-transforms/-/helper-module-transforms-7.20.2.tgz#ac53da669501edd37e658602a21ba14c08748712"
    dependencies:
      "@babel/helper-environment-visitor" "^7.18.9"
      "@babel/helper-module-imports" "^7.18.6"
      "@babel/helper-simple-access" "^7.20.2"
      "@babel/helper-split-export-declaration" "^7.18.6"
      "@babel/helper-validator-identifier" "^7.19.1"
      "@babel/template" "^7.18.10"
      "@babel/traverse" "^7.20.1"
      "@babel/types" "^7.20.2"
  
  "@babel/helper-plugin-utils@^7.18.6", "@babel/helper-plugin-utils@^7.19.0":
    version "7.20.2"
    resolved "https://kavak.jfrog.io/artifactory/api/npm/npm/@babel/helper-plugin-utils/-/helper-plugin-utils-7.20.2.tgz#d1b9000752b18d0877cff85a5c376ce5c3121629"
  
  "@babel/helper-simple-access@^7.20.2":
    version "7.20.2"
    resolved "https://kavak.jfrog.io/artifactory/api/npm/npm/@babel/helper-simple-access/-/helper-simple-access-7.20.2.tgz#0ab452687fe0c2cfb1e2b9e0015de07fc2d62dd9"
    dependencies:
      "@babel/types" "^7.20.2"
  
  "@babel/helper-split-export-declaration@^7.18.6":
    version "7.18.6"
    resolved "https://kavak.jfrog.io/artifactory/api/npm/npm/@babel/helper-split-export-declaration/-/helper-split-export-declaration-7.18.6.tgz#7367949bc75b20c6d5a5d4a97bba2824ae8ef075"
    dependencies:
      "@babel/types" "^7.18.6"
  
  "@babel/helper-string-parser@^7.19.4":
    version "7.19.4"
    resolved "https://kavak.jfrog.io/artifactory/api/npm/npm/@babel/helper-string-parser/-/helper-string-parser-7.19.4.tgz#38d3acb654b4701a9b77fb0615a96f775c3a9e63"
  
  "@babel/helper-validator-identifier@^7.18.6", "@babel/helper-validator-identifier@^7.19.1":
    version "7.19.1"
    resolved "https://kavak.jfrog.io/artifactory/api/npm/npm/@babel/helper-validator-identifier/-/helper-validator-identifier-7.19.1.tgz#7eea834cf32901ffdc1a7ee555e2f9c27e249ca2"
  
  "@babel/helper-validator-option@^7.18.6":
    version "7.18.6"
    resolved "https://kavak.jfrog.io/artifactory/api/npm/npm/@babel/helper-validator-option/-/helper-validator-option-7.18.6.tgz#bf0d2b5a509b1f336099e4ff36e1a63aa5db4db8"
  
  "@babel/helpers@^7.20.1":
    version "7.20.1"
    resolved "https://kavak.jfrog.io/artifactory/api/npm/npm/@babel/helpers/-/helpers-7.20.1.tgz#2ab7a0fcb0a03b5bf76629196ed63c2d7311f4c9"
    dependencies:
      "@babel/template" "^7.18.10"
      "@babel/traverse" "^7.20.1"
      "@babel/types" "^7.20.0"
  
  "@babel/highlight@^7.18.6":
    version "7.18.6"
    resolved "https://kavak.jfrog.io/artifactory/api/npm/npm/@babel/highlight/-/highlight-7.18.6.tgz#81158601e93e2563795adcbfbdf5d64be3f2ecdf"
    dependencies:
      "@babel/helper-validator-identifier" "^7.18.6"
      chalk "^2.0.0"
      js-tokens "^4.0.0"
  
  "@babel/parser@^7.18.10", "@babel/parser@^7.20.1", "@babel/parser@^7.20.2":
    version "7.20.3"
    resolved "https://kavak.jfrog.io/artifactory/api/npm/npm/@babel/parser/-/parser-7.20.3.tgz#5358cf62e380cf69efcb87a7bb922ff88bfac6e2"
  
  "@babel/plugin-syntax-jsx@^7.18.6":
    version "7.18.6"
    resolved "https://kavak.jfrog.io/artifactory/api/npm/npm/@babel/plugin-syntax-jsx/-/plugin-syntax-jsx-7.18.6.tgz#a8feef63b010150abd97f1649ec296e849943ca0"
    dependencies:
      "@babel/helper-plugin-utils" "^7.18.6"
  
  "@babel/plugin-transform-react-jsx-development@^7.18.6":
    version "7.18.6"
    resolved "https://kavak.jfrog.io/artifactory/api/npm/npm/@babel/plugin-transform-react-jsx-development/-/plugin-transform-react-jsx-development-7.18.6.tgz#dbe5c972811e49c7405b630e4d0d2e1380c0ddc5"
    dependencies:
      "@babel/plugin-transform-react-jsx" "^7.18.6"
  
  "@babel/plugin-transform-react-jsx-self@^7.18.6":
    version "7.18.6"
    resolved "https://kavak.jfrog.io/artifactory/api/npm/npm/@babel/plugin-transform-react-jsx-self/-/plugin-transform-react-jsx-self-7.18.6.tgz#3849401bab7ae8ffa1e3e5687c94a753fc75bda7"
    dependencies:
      "@babel/helper-plugin-utils" "^7.18.6"
  
  "@babel/plugin-transform-react-jsx-source@^7.19.6":
    version "7.19.6"
    resolved "https://kavak.jfrog.io/artifactory/api/npm/npm/@babel/plugin-transform-react-jsx-source/-/plugin-transform-react-jsx-source-7.19.6.tgz#88578ae8331e5887e8ce28e4c9dc83fb29da0b86"
    dependencies:
      "@babel/helper-plugin-utils" "^7.19.0"
  
  "@babel/plugin-transform-react-jsx@^7.18.6", "@babel/plugin-transform-react-jsx@^7.19.0":
    version "7.19.0"
    resolved "https://kavak.jfrog.io/artifactory/api/npm/npm/@babel/plugin-transform-react-jsx/-/plugin-transform-react-jsx-7.19.0.tgz#b3cbb7c3a00b92ec8ae1027910e331ba5c500eb9"
    dependencies:
      "@babel/helper-annotate-as-pure" "^7.18.6"
      "@babel/helper-module-imports" "^7.18.6"
      "@babel/helper-plugin-utils" "^7.19.0"
      "@babel/plugin-syntax-jsx" "^7.18.6"
      "@babel/types" "^7.19.0"
  
  "@babel/runtime@^7.12.5", "@babel/runtime@^7.5.5", "@babel/runtime@^7.8.7":
    version "7.20.1"
    resolved "https://kavak.jfrog.io/artifactory/api/npm/npm/@babel/runtime/-/runtime-7.20.1.tgz#1148bb33ab252b165a06698fde7576092a78b4a9"
    dependencies:
      regenerator-runtime "^0.13.10"
  
  "@babel/template@^7.18.10":
    version "7.18.10"
    resolved "https://kavak.jfrog.io/artifactory/api/npm/npm/@babel/template/-/template-7.18.10.tgz#6f9134835970d1dbf0835c0d100c9f38de0c5e71"
    dependencies:
      "@babel/code-frame" "^7.18.6"
      "@babel/parser" "^7.18.10"
      "@babel/types" "^7.18.10"
  
  "@babel/traverse@^7.20.1":
    version "7.20.1"
    resolved "https://kavak.jfrog.io/artifactory/api/npm/npm/@babel/traverse/-/traverse-7.20.1.tgz#9b15ccbf882f6d107eeeecf263fbcdd208777ec8"
    dependencies:
      "@babel/code-frame" "^7.18.6"
      "@babel/generator" "^7.20.1"
      "@babel/helper-environment-visitor" "^7.18.9"
      "@babel/helper-function-name" "^7.19.0"
      "@babel/helper-hoist-variables" "^7.18.6"
      "@babel/helper-split-export-declaration" "^7.18.6"
      "@babel/parser" "^7.20.1"
      "@babel/types" "^7.20.0"
      debug "^4.1.0"
      globals "^11.1.0"
  
  "@babel/types@^7.18.10", "@babel/types@^7.18.6", "@babel/types@^7.19.0", "@babel/types@^7.20.0", "@babel/types@^7.20.2":
    version "7.20.2"
    resolved "https://kavak.jfrog.io/artifactory/api/npm/npm/@babel/types/-/types-7.20.2.tgz#67ac09266606190f496322dbaff360fdaa5e7842"
    dependencies:
      "@babel/helper-string-parser" "^7.19.4"
      "@babel/helper-validator-identifier" "^7.19.1"
      to-fast-properties "^2.0.0"
  
  "@esbuild/android-arm@0.15.14":
    version "0.15.14"
    resolved "https://kavak.jfrog.io/artifactory/api/npm/npm/@esbuild/android-arm/-/android-arm-0.15.14.tgz#5d0027f920eeeac313c01fd6ecb8af50c306a466"
  
  "@esbuild/linux-loong64@0.15.14":
    version "0.15.14"
    resolved "https://kavak.jfrog.io/artifactory/api/npm/npm/@esbuild/linux-loong64/-/linux-loong64-0.15.14.tgz#1221684955c44385f8af34f7240088b7dc08d19d"
  
  "@jridgewell/gen-mapping@^0.1.0":
    version "0.1.1"
    resolved "https://kavak.jfrog.io/artifactory/api/npm/npm/@jridgewell/gen-mapping/-/gen-mapping-0.1.1.tgz#e5d2e450306a9491e3bd77e323e38d7aff315996"
    dependencies:
      "@jridgewell/set-array" "^1.0.0"
      "@jridgewell/sourcemap-codec" "^1.4.10"
  
  "@jridgewell/gen-mapping@^0.3.2":
    version "0.3.2"
    resolved "https://kavak.jfrog.io/artifactory/api/npm/npm/@jridgewell/gen-mapping/-/gen-mapping-0.3.2.tgz#c1aedc61e853f2bb9f5dfe6d4442d3b565b253b9"
    dependencies:
      "@jridgewell/set-array" "^1.0.1"
      "@jridgewell/sourcemap-codec" "^1.4.10"
      "@jridgewell/trace-mapping" "^0.3.9"
  
  "@jridgewell/resolve-uri@3.1.0":
    version "3.1.0"
    resolved "https://kavak.jfrog.io/artifactory/api/npm/npm/@jridgewell/resolve-uri/-/resolve-uri-3.1.0.tgz#2203b118c157721addfe69d47b70465463066d78"
  
  "@jridgewell/set-array@^1.0.0", "@jridgewell/set-array@^1.0.1":
    version "1.1.2"
    resolved "https://kavak.jfrog.io/artifactory/api/npm/npm/@jridgewell/set-array/-/set-array-1.1.2.tgz#7c6cf998d6d20b914c0a55a91ae928ff25965e72"
  
  "@jridgewell/sourcemap-codec@1.4.14", "@jridgewell/sourcemap-codec@^1.4.10":
    version "1.4.14"
    resolved "https://kavak.jfrog.io/artifactory/api/npm/npm/@jridgewell/sourcemap-codec/-/sourcemap-codec-1.4.14.tgz#add4c98d341472a289190b424efbdb096991bb24"
  
  "@jridgewell/trace-mapping@^0.3.9":
    version "0.3.17"
    resolved "https://kavak.jfrog.io/artifactory/api/npm/npm/@jridgewell/trace-mapping/-/trace-mapping-0.3.17.tgz#793041277af9073b0951a7fe0f0d8c4c98c36985"
    dependencies:
      "@jridgewell/resolve-uri" "3.1.0"
      "@jridgewell/sourcemap-codec" "1.4.14"
  
  "@popperjs/core@^2.6.0":
    version "2.11.6"
    resolved "https://kavak.jfrog.io/artifactory/api/npm/npm/@popperjs/core/-/core-2.11.6.tgz#cee20bd55e68a1720bdab363ecf0c821ded4cd45"
  
  "@remix-run/router@1.0.3":
    version "1.0.3"
    resolved "https://kavak.jfrog.io/artifactory/api/npm/npm/@remix-run/router/-/router-1.0.3.tgz#953b88c20ea00d0eddaffdc1b115c08474aa295d"
  
  "@types/prop-types@*":
    version "15.7.5"
    resolved "https://kavak.jfrog.io/artifactory/api/npm/npm/@types/prop-types/-/prop-types-15.7.5.tgz#5f19d2b85a98e9558036f6a3cacc8819420f05cf"
  
  "@types/react-dom@^18.0.6":
    version "18.0.9"
    resolved "https://kavak.jfrog.io/artifactory/api/npm/npm/@types/react-dom/-/react-dom-18.0.9.tgz#ffee5e4bfc2a2f8774b15496474f8e7fe8d0b504"
    dependencies:
      "@types/react" "*"
  
  "@types/react@*", "@types/react@^18.0.17":
    version "18.0.25"
    resolved "https://kavak.jfrog.io/artifactory/api/npm/npm/@types/react/-/react-18.0.25.tgz#8b1dcd7e56fe7315535a4af25435e0bb55c8ae44"
    dependencies:
      "@types/prop-types" "*"
      "@types/scheduler" "*"
      csstype "^3.0.2"
  
  "@types/scheduler@*":
    version "0.16.2"
    resolved "https://kavak.jfrog.io/artifactory/api/npm/npm/@types/scheduler/-/scheduler-0.16.2.tgz#1a62f89525723dde24ba1b01b092bf5df8ad4d39"
  
  "@vitejs/plugin-react@^2.0.1":
    version "2.2.0"
    resolved "https://kavak.jfrog.io/artifactory/api/npm/npm/@vitejs/plugin-react/-/plugin-react-2.2.0.tgz#1b9f63b8b6bc3f56258d20cd19b33f5cc761ce6e"
    dependencies:
      "@babel/core" "^7.19.6"
      "@babel/plugin-transform-react-jsx" "^7.19.0"
      "@babel/plugin-transform-react-jsx-development" "^7.18.6"
      "@babel/plugin-transform-react-jsx-self" "^7.18.6"
      "@babel/plugin-transform-react-jsx-source" "^7.19.6"
      magic-string "^0.26.7"
      react-refresh "^0.14.0"
  
  ansi-styles@^3.2.1:
    version "3.2.1"
    resolved "https://kavak.jfrog.io/artifactory/api/npm/npm/ansi-styles/-/ansi-styles-3.2.1.tgz#41fbb20243e50b12be0f04b8dedbf07520ce841d"
    dependencies:
      color-convert "^1.9.0"
  
  anymatch@~3.1.2:
    version "3.1.2"
    resolved "https://kavak.jfrog.io/artifactory/api/npm/npm/anymatch/-/anymatch-3.1.2.tgz#c0557c096af32f106198f4f4e2a383537e378716"
    dependencies:
      normalize-path "^3.0.0"
      picomatch "^2.0.4"
  
  binary-extensions@^2.0.0:
    version "2.2.0"
    resolved "https://kavak.jfrog.io/artifactory/api/npm/npm/binary-extensions/-/binary-extensions-2.2.0.tgz#75f502eeaf9ffde42fc98829645be4ea76bd9e2d"
  
  bootstrap@4.6:
    version "4.6.2"
    resolved "https://kavak.jfrog.io/artifactory/api/npm/npm/bootstrap/-/bootstrap-4.6.2.tgz#8e0cd61611728a5bf65a3a2b8d6ff6c77d5d7479"
  
  braces@~3.0.2:
    version "3.0.2"
    resolved "https://kavak.jfrog.io/artifactory/api/npm/npm/braces/-/braces-3.0.2.tgz#3454e1a462ee8d599e236df336cd9ea4f8afe107"
    dependencies:
      fill-range "^7.0.1"
  
  browserslist@^4.21.3:
    version "4.21.4"
    resolved "https://kavak.jfrog.io/artifactory/api/npm/npm/browserslist/-/browserslist-4.21.4.tgz#e7496bbc67b9e39dd0f98565feccdcb0d4ff6987"
    dependencies:
      caniuse-lite "^1.0.30001400"
      electron-to-chromium "^1.4.251"
      node-releases "^2.0.6"
      update-browserslist-db "^1.0.9"
  
  caniuse-lite@^1.0.30001400:
    version "1.0.30001431"
    resolved "https://kavak.jfrog.io/artifactory/api/npm/npm/caniuse-lite/-/caniuse-lite-1.0.30001431.tgz#e7c59bd1bc518fae03a4656be442ce6c4887a795"
  
  chalk@^2.0.0:
    version "2.4.2"
    resolved "https://kavak.jfrog.io/artifactory/api/npm/npm/chalk/-/chalk-2.4.2.tgz#cd42541677a54333cf541a49108c1432b44c9424"
    dependencies:
      ansi-styles "^3.2.1"
      escape-string-regexp "^1.0.5"
      supports-color "^5.3.0"
  
  "chokidar@>=3.0.0 <4.0.0":
    version "3.5.3"
    resolved "https://kavak.jfrog.io/artifactory/api/npm/npm/chokidar/-/chokidar-3.5.3.tgz#1cf37c8707b932bd1af1ae22c0432e2acd1903bd"
    dependencies:
      anymatch "~3.1.2"
      braces "~3.0.2"
      glob-parent "~5.1.2"
      is-binary-path "~2.1.0"
      is-glob "~4.0.1"
      normalize-path "~3.0.0"
      readdirp "~3.6.0"
    optionalDependencies:
      fsevents "~2.3.2"
  
  classnames@^2.2.3:
    version "2.3.2"
    resolved "https://kavak.jfrog.io/artifactory/api/npm/npm/classnames/-/classnames-2.3.2.tgz#351d813bf0137fcc6a76a16b88208d2560a0d924"
  
  color-convert@^1.9.0:
    version "1.9.3"
    resolved "https://kavak.jfrog.io/artifactory/api/npm/npm/color-convert/-/color-convert-1.9.3.tgz#bb71850690e1f136567de629d2d5471deda4c1e8"
    dependencies:
      color-name "1.1.3"
  
  color-name@1.1.3:
    version "1.1.3"
    resolved "https://kavak.jfrog.io/artifactory/api/npm/npm/color-name/-/color-name-1.1.3.tgz#a7d0558bd89c42f795dd42328f740831ca53bc25"
  
  convert-source-map@^1.7.0:
    version "1.9.0"
    resolved "https://kavak.jfrog.io/artifactory/api/npm/npm/convert-source-map/-/convert-source-map-1.9.0.tgz#7faae62353fb4213366d0ca98358d22e8368b05f"
  
  csstype@^3.0.2:
    version "3.1.1"
    resolved "https://kavak.jfrog.io/artifactory/api/npm/npm/csstype/-/csstype-3.1.1.tgz#841b532c45c758ee546a11d5bd7b7b473c8c30b9"
  
  debug@^4.1.0:
    version "4.3.4"
    resolved "https://kavak.jfrog.io/artifactory/api/npm/npm/debug/-/debug-4.3.4.tgz#1319f6579357f2338d3337d2cdd4914bb5dcc865"
    dependencies:
      ms "2.1.2"
  
  dom-helpers@^5.0.1:
    version "5.2.1"
    resolved "https://kavak.jfrog.io/artifactory/api/npm/npm/dom-helpers/-/dom-helpers-5.2.1.tgz#d9400536b2bf8225ad98fe052e029451ac40e902"
    dependencies:
      "@babel/runtime" "^7.8.7"
      csstype "^3.0.2"
  
  electron-to-chromium@^1.4.251:
    version "1.4.284"
    resolved "https://kavak.jfrog.io/artifactory/api/npm/npm/electron-to-chromium/-/electron-to-chromium-1.4.284.tgz#61046d1e4cab3a25238f6bf7413795270f125592"
  
  esbuild-android-64@0.15.14:
    version "0.15.14"
    resolved "https://kavak.jfrog.io/artifactory/api/npm/npm/esbuild-android-64/-/esbuild-android-64-0.15.14.tgz#114e55b0d58fb7b45d7fa3d93516bd13fc8869cc"
  
  esbuild-android-arm64@0.15.14:
    version "0.15.14"
    resolved "https://kavak.jfrog.io/artifactory/api/npm/npm/esbuild-android-arm64/-/esbuild-android-arm64-0.15.14.tgz#8541f38a9aacf88e574fb13f5ad4ca51a04c12bb"
  
  esbuild-darwin-64@0.15.14:
    version "0.15.14"
    resolved "https://kavak.jfrog.io/artifactory/api/npm/npm/esbuild-darwin-64/-/esbuild-darwin-64-0.15.14.tgz#b40b334db81ff1e3677a6712b23761748a157c57"
  
  esbuild-darwin-arm64@0.15.14:
    version "0.15.14"
    resolved "https://kavak.jfrog.io/artifactory/api/npm/npm/esbuild-darwin-arm64/-/esbuild-darwin-arm64-0.15.14.tgz#44b5c1477bb7bdb852dd905e906f68765e2828bc"
  
  esbuild-freebsd-64@0.15.14:
    version "0.15.14"
    resolved "https://kavak.jfrog.io/artifactory/api/npm/npm/esbuild-freebsd-64/-/esbuild-freebsd-64-0.15.14.tgz#8c57315d238690f34b6ed0c94e5cfc04c858247a"
  
  esbuild-freebsd-arm64@0.15.14:
    version "0.15.14"
    resolved "https://kavak.jfrog.io/artifactory/api/npm/npm/esbuild-freebsd-arm64/-/esbuild-freebsd-arm64-0.15.14.tgz#2e92acca09258daa849e635565f52469266f0b7b"
  
  esbuild-linux-32@0.15.14:
    version "0.15.14"
    resolved "https://kavak.jfrog.io/artifactory/api/npm/npm/esbuild-linux-32/-/esbuild-linux-32-0.15.14.tgz#ca5ed3e9dff82df486ddde362d7e00775a597dfd"
  
  esbuild-linux-64@0.15.14:
    version "0.15.14"
    resolved "https://kavak.jfrog.io/artifactory/api/npm/npm/esbuild-linux-64/-/esbuild-linux-64-0.15.14.tgz#42952e1d08a299d5f573c567639fb37b033befbf"
  
  esbuild-linux-arm64@0.15.14:
    version "0.15.14"
    resolved "https://kavak.jfrog.io/artifactory/api/npm/npm/esbuild-linux-arm64/-/esbuild-linux-arm64-0.15.14.tgz#0c0d788099703327ec0ae70758cb2639ef6c5d88"
  
  esbuild-linux-arm@0.15.14:
    version "0.15.14"
    resolved "https://kavak.jfrog.io/artifactory/api/npm/npm/esbuild-linux-arm/-/esbuild-linux-arm-0.15.14.tgz#751a5ca5042cd60f669b07c3bcec3dd6c4f8151c"
  
  esbuild-linux-mips64le@0.15.14:
    version "0.15.14"
    resolved "https://kavak.jfrog.io/artifactory/api/npm/npm/esbuild-linux-mips64le/-/esbuild-linux-mips64le-0.15.14.tgz#da8ac35f2704de0b52bf53a99c12f604fbe9b916"
  
  esbuild-linux-ppc64le@0.15.14:
    version "0.15.14"
    resolved "https://kavak.jfrog.io/artifactory/api/npm/npm/esbuild-linux-ppc64le/-/esbuild-linux-ppc64le-0.15.14.tgz#a315b5016917429080c3d32e03319f1ff876ac55"
  
  esbuild-linux-riscv64@0.15.14:
    version "0.15.14"
    resolved "https://kavak.jfrog.io/artifactory/api/npm/npm/esbuild-linux-riscv64/-/esbuild-linux-riscv64-0.15.14.tgz#9f2e0a935e5086d398fc19c7ff5d217bfefe3e12"
  
  esbuild-linux-s390x@0.15.14:
    version "0.15.14"
    resolved "https://kavak.jfrog.io/artifactory/api/npm/npm/esbuild-linux-s390x/-/esbuild-linux-s390x-0.15.14.tgz#53108112faff5a4e1bad17f7b0b0ffa1df4b7efb"
  
  esbuild-netbsd-64@0.15.14:
    version "0.15.14"
    resolved "https://kavak.jfrog.io/artifactory/api/npm/npm/esbuild-netbsd-64/-/esbuild-netbsd-64-0.15.14.tgz#5330efc41fe4f1c2bab5462bcfe7a4ffce7ba00a"
  
  esbuild-openbsd-64@0.15.14:
    version "0.15.14"
    resolved "https://kavak.jfrog.io/artifactory/api/npm/npm/esbuild-openbsd-64/-/esbuild-openbsd-64-0.15.14.tgz#ee64944d863e937611fc31adf349e9bb4f5f7eac"
  
  esbuild-sunos-64@0.15.14:
    version "0.15.14"
    resolved "https://kavak.jfrog.io/artifactory/api/npm/npm/esbuild-sunos-64/-/esbuild-sunos-64-0.15.14.tgz#29b0b20de6fe6ef50f9fbe533ec20dc4b595f9aa"
  
  esbuild-windows-32@0.15.14:
    version "0.15.14"
    resolved "https://kavak.jfrog.io/artifactory/api/npm/npm/esbuild-windows-32/-/esbuild-windows-32-0.15.14.tgz#05e9b159d664809f7a4a8a68ed048d193457b27d"
  
  esbuild-windows-64@0.15.14:
    version "0.15.14"
    resolved "https://kavak.jfrog.io/artifactory/api/npm/npm/esbuild-windows-64/-/esbuild-windows-64-0.15.14.tgz#d5ae086728ab30b72969e40ed0a7a0d9082f2cdd"
  
  esbuild-windows-arm64@0.15.14:
    version "0.15.14"
    resolved "https://kavak.jfrog.io/artifactory/api/npm/npm/esbuild-windows-arm64/-/esbuild-windows-arm64-0.15.14.tgz#8eb50ab9a0ecaf058593fbad17502749306f801d"
  
  esbuild@^0.15.9:
    version "0.15.14"
    resolved "https://kavak.jfrog.io/artifactory/api/npm/npm/esbuild/-/esbuild-0.15.14.tgz#09202b811f1710363d5088a3401a351351c79875"
    optionalDependencies:
      "@esbuild/android-arm" "0.15.14"
      "@esbuild/linux-loong64" "0.15.14"
      esbuild-android-64 "0.15.14"
      esbuild-android-arm64 "0.15.14"
      esbuild-darwin-64 "0.15.14"
      esbuild-darwin-arm64 "0.15.14"
      esbuild-freebsd-64 "0.15.14"
      esbuild-freebsd-arm64 "0.15.14"
      esbuild-linux-32 "0.15.14"
      esbuild-linux-64 "0.15.14"
      esbuild-linux-arm "0.15.14"
      esbuild-linux-arm64 "0.15.14"
      esbuild-linux-mips64le "0.15.14"
      esbuild-linux-ppc64le "0.15.14"
      esbuild-linux-riscv64 "0.15.14"
      esbuild-linux-s390x "0.15.14"
      esbuild-netbsd-64 "0.15.14"
      esbuild-openbsd-64 "0.15.14"
      esbuild-sunos-64 "0.15.14"
      esbuild-windows-32 "0.15.14"
      esbuild-windows-64 "0.15.14"
      esbuild-windows-arm64 "0.15.14"
  
  escalade@^3.1.1:
    version "3.1.1"
    resolved "https://kavak.jfrog.io/artifactory/api/npm/npm/escalade/-/escalade-3.1.1.tgz#d8cfdc7000965c5a0174b4a82eaa5c0552742e40"
  
  escape-string-regexp@^1.0.5:
    version "1.0.5"
    resolved "https://kavak.jfrog.io/artifactory/api/npm/npm/escape-string-regexp/-/escape-string-regexp-1.0.5.tgz#1b61c0562190a8dff6ae3bb2cf0200ca130b86d4"
  
  fill-range@^7.0.1:
    version "7.0.1"
    resolved "https://kavak.jfrog.io/artifactory/api/npm/npm/fill-range/-/fill-range-7.0.1.tgz#1919a6a7c75fe38b2c7c77e5198535da9acdda40"
    dependencies:
      to-regex-range "^5.0.1"
  
  fsevents@~2.3.2:
    version "2.3.2"
    resolved "https://kavak.jfrog.io/artifactory/api/npm/npm/fsevents/-/fsevents-2.3.2.tgz#8a526f78b8fdf4623b709e0b975c52c24c02fd1a"
  
  function-bind@^1.1.1:
    version "1.1.1"
    resolved "https://kavak.jfrog.io/artifactory/api/npm/npm/function-bind/-/function-bind-1.1.1.tgz#a56899d3ea3c9bab874bb9773b7c5ede92f4895d"
  
  gensync@^1.0.0-beta.2:
    version "1.0.0-beta.2"
    resolved "https://kavak.jfrog.io/artifactory/api/npm/npm/gensync/-/gensync-1.0.0-beta.2.tgz#32a6ee76c3d7f52d46b2b1ae5d93fea8580a25e0"
  
  glob-parent@~5.1.2:
    version "5.1.2"
    resolved "https://kavak.jfrog.io/artifactory/api/npm/npm/glob-parent/-/glob-parent-5.1.2.tgz#869832c58034fe68a4093c17dc15e8340d8401c4"
    dependencies:
      is-glob "^4.0.1"
  
  globals@^11.1.0:
    version "11.12.0"
    resolved "https://kavak.jfrog.io/artifactory/api/npm/npm/globals/-/globals-11.12.0.tgz#ab8795338868a0babd8525758018c2a7eb95c42e"
  
  has-flag@^3.0.0:
    version "3.0.0"
    resolved "https://kavak.jfrog.io/artifactory/api/npm/npm/has-flag/-/has-flag-3.0.0.tgz#b5d454dc2199ae225699f3467e5a07f3b955bafd"
  
  has@^1.0.3:
    version "1.0.3"
    resolved "https://kavak.jfrog.io/artifactory/api/npm/npm/has/-/has-1.0.3.tgz#722d7cbfc1f6aa8241f16dd814e011e1f41e8796"
    dependencies:
      function-bind "^1.1.1"
  
  immutable@^4.0.0:
    version "4.1.0"
    resolved "https://kavak.jfrog.io/artifactory/api/npm/npm/immutable/-/immutable-4.1.0.tgz#f795787f0db780183307b9eb2091fcac1f6fafef"
  
  is-binary-path@~2.1.0:
    version "2.1.0"
    resolved "https://kavak.jfrog.io/artifactory/api/npm/npm/is-binary-path/-/is-binary-path-2.1.0.tgz#ea1f7f3b80f064236e83470f86c09c254fb45b09"
    dependencies:
      binary-extensions "^2.0.0"
  
  is-core-module@^2.9.0:
    version "2.11.0"
    resolved "https://kavak.jfrog.io/artifactory/api/npm/npm/is-core-module/-/is-core-module-2.11.0.tgz#ad4cb3e3863e814523c96f3f58d26cc570ff0144"
    dependencies:
      has "^1.0.3"
  
  is-extglob@^2.1.1:
    version "2.1.1"
    resolved "https://kavak.jfrog.io/artifactory/api/npm/npm/is-extglob/-/is-extglob-2.1.1.tgz#a88c02535791f02ed37c76a1b9ea9773c833f8c2"
  
  is-glob@^4.0.1, is-glob@~4.0.1:
    version "4.0.3"
    resolved "https://kavak.jfrog.io/artifactory/api/npm/npm/is-glob/-/is-glob-4.0.3.tgz#64f61e42cbbb2eec2071a9dac0b28ba1e65d5084"
    dependencies:
      is-extglob "^2.1.1"
  
  is-number@^7.0.0:
    version "7.0.0"
    resolved "https://kavak.jfrog.io/artifactory/api/npm/npm/is-number/-/is-number-7.0.0.tgz#7535345b896734d5f80c4d06c50955527a14f12b"
  
  "js-tokens@^3.0.0 || ^4.0.0", js-tokens@^4.0.0:
    version "4.0.0"
    resolved "https://kavak.jfrog.io/artifactory/api/npm/npm/js-tokens/-/js-tokens-4.0.0.tgz#19203fb59991df98e3a287050d4647cdeaf32499"
  
  jsesc@^2.5.1:
    version "2.5.2"
    resolved "https://kavak.jfrog.io/artifactory/api/npm/npm/jsesc/-/jsesc-2.5.2.tgz#80564d2e483dacf6e8ef209650a67df3f0c283a4"
  
  json5@^2.2.1:
    version "2.2.1"
    resolved "https://kavak.jfrog.io/artifactory/api/npm/npm/json5/-/json5-2.2.1.tgz#655d50ed1e6f95ad1a3caababd2b0efda10b395c"
  
  loose-envify@^1.0.0, loose-envify@^1.1.0, loose-envify@^1.4.0:
    version "1.4.0"
    resolved "https://kavak.jfrog.io/artifactory/api/npm/npm/loose-envify/-/loose-envify-1.4.0.tgz#71ee51fa7be4caec1a63839f7e682d8132d30caf"
    dependencies:
      js-tokens "^3.0.0 || ^4.0.0"
  
  magic-string@^0.26.7:
    version "0.26.7"
    resolved "https://kavak.jfrog.io/artifactory/api/npm/npm/magic-string/-/magic-string-0.26.7.tgz#caf7daf61b34e9982f8228c4527474dac8981d6f"
    dependencies:
      sourcemap-codec "^1.4.8"
  
  ms@2.1.2:
    version "2.1.2"
    resolved "https://kavak.jfrog.io/artifactory/api/npm/npm/ms/-/ms-2.1.2.tgz#d09d1f357b443f493382a8eb3ccd183872ae6009"
  
  nanoid@^3.3.4:
    version "3.3.4"
    resolved "https://kavak.jfrog.io/artifactory/api/npm/npm/nanoid/-/nanoid-3.3.4.tgz#730b67e3cd09e2deacf03c027c81c9d9dbc5e8ab"
  
  node-releases@^2.0.6:
    version "2.0.6"
    resolved "https://kavak.jfrog.io/artifactory/api/npm/npm/node-releases/-/node-releases-2.0.6.tgz#8a7088c63a55e493845683ebf3c828d8c51c5503"
  
  normalize-path@^3.0.0, normalize-path@~3.0.0:
    version "3.0.0"
    resolved "https://kavak.jfrog.io/artifactory/api/npm/npm/normalize-path/-/normalize-path-3.0.0.tgz#0dcd69ff23a1c9b11fd0978316644a0388216a65"
  
  object-assign@^4.1.1:
    version "4.1.1"
    resolved "https://kavak.jfrog.io/artifactory/api/npm/npm/object-assign/-/object-assign-4.1.1.tgz#2109adc7965887cfc05cbbd442cac8bfbb360863"
  
  path-parse@^1.0.7:
    version "1.0.7"
    resolved "https://kavak.jfrog.io/artifactory/api/npm/npm/path-parse/-/path-parse-1.0.7.tgz#fbc114b60ca42b30d9daf5858e4bd68bbedb6735"
  
  picocolors@^1.0.0:
    version "1.0.0"
    resolved "https://kavak.jfrog.io/artifactory/api/npm/npm/picocolors/-/picocolors-1.0.0.tgz#cb5bdc74ff3f51892236eaf79d68bc44564ab81c"
  
  picomatch@^2.0.4, picomatch@^2.2.1:
    version "2.3.1"
    resolved "https://kavak.jfrog.io/artifactory/api/npm/npm/picomatch/-/picomatch-2.3.1.tgz#3ba3833733646d9d3e4995946c1365a67fb07a42"
  
  postcss@^8.4.18:
    version "8.4.19"
    resolved "https://kavak.jfrog.io/artifactory/api/npm/npm/postcss/-/postcss-8.4.19.tgz#61178e2add236b17351897c8bcc0b4c8ecab56fc"
    dependencies:
      nanoid "^3.3.4"
      picocolors "^1.0.0"
      source-map-js "^1.0.2"
  
  prop-types@^15.5.8, prop-types@^15.6.2:
    version "15.8.1"
    resolved "https://kavak.jfrog.io/artifactory/api/npm/npm/prop-types/-/prop-types-15.8.1.tgz#67d87bf1a694f48435cf332c24af10214a3140b5"
    dependencies:
      loose-envify "^1.4.0"
      object-assign "^4.1.1"
      react-is "^16.13.1"
  
  react-dom@^18.2.0:
    version "18.2.0"
    resolved "https://kavak.jfrog.io/artifactory/api/npm/npm/react-dom/-/react-dom-18.2.0.tgz#22aaf38708db2674ed9ada224ca4aa708d821e3d"
    dependencies:
      loose-envify "^1.1.0"
      scheduler "^0.23.0"
  
  react-fast-compare@^3.0.1:
    version "3.2.0"
    resolved "https://kavak.jfrog.io/artifactory/api/npm/npm/react-fast-compare/-/react-fast-compare-3.2.0.tgz#641a9da81b6a6320f270e89724fb45a0b39e43bb"
  
  react-is@^16.13.1:
    version "16.13.1"
    resolved "https://kavak.jfrog.io/artifactory/api/npm/npm/react-is/-/react-is-16.13.1.tgz#789729a4dc36de2999dc156dd6c1d9c18cea56a4"
  
  react-popper@^2.2.4:
    version "2.3.0"
    resolved "https://kavak.jfrog.io/artifactory/api/npm/npm/react-popper/-/react-popper-2.3.0.tgz#17891c620e1320dce318bad9fede46a5f71c70ba"
    dependencies:
      react-fast-compare "^3.0.1"
      warning "^4.0.2"
  
  react-refresh@^0.14.0:
    version "0.14.0"
    resolved "https://kavak.jfrog.io/artifactory/api/npm/npm/react-refresh/-/react-refresh-0.14.0.tgz#4e02825378a5f227079554d4284889354e5f553e"
  
  react-router-dom@^6.4.3:
    version "6.4.3"
    resolved "https://kavak.jfrog.io/artifactory/api/npm/npm/react-router-dom/-/react-router-dom-6.4.3.tgz#70093b5f65f85f1df9e5d4182eb7ff3a08299275"
    dependencies:
      "@remix-run/router" "1.0.3"
      react-router "6.4.3"
  
  react-router@6.4.3, react-router@^6.4.3:
    version "6.4.3"
    resolved "https://kavak.jfrog.io/artifactory/api/npm/npm/react-router/-/react-router-6.4.3.tgz#9ed3ee4d6e95889e9b075a5d63e29acc7def0d49"
    dependencies:
      "@remix-run/router" "1.0.3"
  
  react-transition-group@^4.4.2:
    version "4.4.5"
    resolved "https://kavak.jfrog.io/artifactory/api/npm/npm/react-transition-group/-/react-transition-group-4.4.5.tgz#e53d4e3f3344da8521489fbef8f2581d42becdd1"
    dependencies:
      "@babel/runtime" "^7.5.5"
      dom-helpers "^5.0.1"
      loose-envify "^1.4.0"
      prop-types "^15.6.2"
  
  react@^18.2.0:
    version "18.2.0"
    resolved "https://kavak.jfrog.io/artifactory/api/npm/npm/react/-/react-18.2.0.tgz#555bd98592883255fa00de14f1151a917b5d77d5"
    dependencies:
      loose-envify "^1.1.0"
  
  reactstrap@^9.1.5:
    version "9.1.5"
    resolved "https://kavak.jfrog.io/artifactory/api/npm/npm/reactstrap/-/reactstrap-9.1.5.tgz#d52343ebc244dd4bb82ce272c69640c8146952bf"
    dependencies:
      "@babel/runtime" "^7.12.5"
      "@popperjs/core" "^2.6.0"
      classnames "^2.2.3"
      prop-types "^15.5.8"
      react-popper "^2.2.4"
      react-transition-group "^4.4.2"
  
  readdirp@~3.6.0:
    version "3.6.0"
    resolved "https://kavak.jfrog.io/artifactory/api/npm/npm/readdirp/-/readdirp-3.6.0.tgz#74a370bd857116e245b29cc97340cd431a02a6c7"
    dependencies:
      picomatch "^2.2.1"
  
  regenerator-runtime@^0.13.10:
    version "0.13.10"
    resolved "https://kavak.jfrog.io/artifactory/api/npm/npm/regenerator-runtime/-/regenerator-runtime-0.13.10.tgz#ed07b19616bcbec5da6274ebc75ae95634bfc2ee"
  
  resolve@^1.22.1:
    version "1.22.1"
    resolved "https://kavak.jfrog.io/artifactory/api/npm/npm/resolve/-/resolve-1.22.1.tgz#27cb2ebb53f91abb49470a928bba7558066ac177"
    dependencies:
      is-core-module "^2.9.0"
      path-parse "^1.0.7"
      supports-preserve-symlinks-flag "^1.0.0"
  
  rollup@^2.79.1:
    version "2.79.1"
    resolved "https://kavak.jfrog.io/artifactory/api/npm/npm/rollup/-/rollup-2.79.1.tgz#bedee8faef7c9f93a2647ac0108748f497f081c7"
    optionalDependencies:
      fsevents "~2.3.2"
  
  sass@^1.56.1:
    version "1.56.1"
    resolved "https://kavak.jfrog.io/artifactory/api/npm/npm/sass/-/sass-1.56.1.tgz#94d3910cd468fd075fa87f5bb17437a0b617d8a7"
    dependencies:
      chokidar ">=3.0.0 <4.0.0"
      immutable "^4.0.0"
      source-map-js ">=0.6.2 <2.0.0"
  
  scheduler@^0.23.0:
    version "0.23.0"
    resolved "https://kavak.jfrog.io/artifactory/api/npm/npm/scheduler/-/scheduler-0.23.0.tgz#ba8041afc3d30eb206a487b6b384002e4e61fdfe"
    dependencies:
      loose-envify "^1.1.0"
  
  semver@^6.3.0:
    version "6.3.0"
    resolved "https://kavak.jfrog.io/artifactory/api/npm/npm/semver/-/semver-6.3.0.tgz#ee0a64c8af5e8ceea67687b133761e1becbd1d3d"
  
  "source-map-js@>=0.6.2 <2.0.0", source-map-js@^1.0.2:
    version "1.0.2"
    resolved "https://kavak.jfrog.io/artifactory/api/npm/npm/source-map-js/-/source-map-js-1.0.2.tgz#adbc361d9c62df380125e7f161f71c826f1e490c"
  
  sourcemap-codec@^1.4.8:
    version "1.4.8"
    resolved "https://kavak.jfrog.io/artifactory/api/npm/npm/sourcemap-codec/-/sourcemap-codec-1.4.8.tgz#ea804bd94857402e6992d05a38ef1ae35a9ab4c4"
  
  supports-color@^5.3.0:
    version "5.5.0"
    resolved "https://kavak.jfrog.io/artifactory/api/npm/npm/supports-color/-/supports-color-5.5.0.tgz#e2e69a44ac8772f78a1ec0b35b689df6530efc8f"
    dependencies:
      has-flag "^3.0.0"
  
  supports-preserve-symlinks-flag@^1.0.0:
    version "1.0.0"
    resolved "https://kavak.jfrog.io/artifactory/api/npm/npm/supports-preserve-symlinks-flag/-/supports-preserve-symlinks-flag-1.0.0.tgz#6eda4bd344a3c94aea376d4cc31bc77311039e09"
  
  to-fast-properties@^2.0.0:
    version "2.0.0"
    resolved "https://kavak.jfrog.io/artifactory/api/npm/npm/to-fast-properties/-/to-fast-properties-2.0.0.tgz#dc5e698cbd079265bc73e0377681a4e4e83f616e"
  
  to-regex-range@^5.0.1:
    version "5.0.1"
    resolved "https://kavak.jfrog.io/artifactory/api/npm/npm/to-regex-range/-/to-regex-range-5.0.1.tgz#1648c44aae7c8d988a326018ed72f5b4dd0392e4"
    dependencies:
      is-number "^7.0.0"
  
  update-browserslist-db@^1.0.9:
    version "1.0.10"
    resolved "https://kavak.jfrog.io/artifactory/api/npm/npm/update-browserslist-db/-/update-browserslist-db-1.0.10.tgz#0f54b876545726f17d00cd9a2561e6dade943ff3"
    dependencies:
      escalade "^3.1.1"
      picocolors "^1.0.0"
  
  vite@^3.0.7:
    version "3.2.4"
    resolved "https://kavak.jfrog.io/artifactory/api/npm/npm/vite/-/vite-3.2.4.tgz#d8c7892dd4268064e04fffbe7d866207dd24166e"
    dependencies:
      esbuild "^0.15.9"
      postcss "^8.4.18"
      resolve "^1.22.1"
      rollup "^2.79.1"
    optionalDependencies:
      fsevents "~2.3.2"
  
  warning@^4.0.2:
    version "4.0.3"
    resolved "https://kavak.jfrog.io/artifactory/api/npm/npm/warning/-/warning-4.0.3.tgz#16e9e077eb8a86d6af7d64aa1e05fd85b4678ca3"
    dependencies:
      loose-envify "^1.0.0"
